<?xml version="1.0" encoding="UTF-8"?>
<!-- Generated by org.testng.reporters.JUnitXMLReporter -->
<testsuite hostname="SMET570" ignored="2" name="Default test" tests="1" failures="0" timestamp="14 Aug 2020 21:13:09 GMT" time="25.995" errors="0">
  <testcase name="navigationTest" time="7.973" classname="com.spacejet.qa.testcases.LoadingPageTest"/>
  <testcase name="clickDealButtonTest" time="0.0" classname="com.spacejet.qa.testcases.LoadingPageTest">
    <ignored/>
  </testcase> <!-- clickDealButtonTest -->
  <testcase name="titleTest" time="0.0" classname="com.spacejet.qa.testcases.LoadingPageTest">
    <ignored/>
  </testcase> <!-- titleTest -->
</testsuite> <!-- Default test -->
