<?xml version="1.0" encoding="UTF-8"?>
<testng-results skipped="0" failed="0" ignored="2" total="3" passed="1">
  <reporter-output>
  </reporter-output>
  <suite name="Default suite" duration-ms="25995" started-at="2020-08-14T21:12:42Z" finished-at="2020-08-14T21:13:08Z">
    <groups>
    </groups>
    <test name="Default test" duration-ms="25995" started-at="2020-08-14T21:12:42Z" finished-at="2020-08-14T21:13:08Z">
      <class name="com.spacejet.qa.testcases.LoadingPageTest">
        <test-method status="PASS" signature="mainPage()[pri:0, instance:com.spacejet.qa.testcases.LoadingPageTest@bf9759]" name="mainPage" is-config="true" duration-ms="16742" started-at="2020-08-14T21:12:43Z" finished-at="2020-08-14T21:12:59Z">
          <reporter-output>
          </reporter-output>
        </test-method> <!-- mainPage -->
        <test-method status="PASS" signature="navigationTest()[pri:3, instance:com.spacejet.qa.testcases.LoadingPageTest@bf9759]" name="navigationTest" duration-ms="7973" started-at="2020-08-14T21:12:59Z" finished-at="2020-08-14T21:13:07Z">
          <reporter-output>
          </reporter-output>
        </test-method> <!-- navigationTest -->
        <test-method status="PASS" signature="tearDown()[pri:0, instance:com.spacejet.qa.testcases.LoadingPageTest@bf9759]" name="tearDown" is-config="true" duration-ms="1178" started-at="2020-08-14T21:13:07Z" finished-at="2020-08-14T21:13:08Z">
          <reporter-output>
          </reporter-output>
        </test-method> <!-- tearDown -->
      </class> <!-- com.spacejet.qa.testcases.LoadingPageTest -->
    </test> <!-- Default test -->
  </suite> <!-- Default suite -->
</testng-results>
